<?xml version="1.0" encoding="UTF-8"?>
<!-- Generated by org.testng.reporters.JUnitXMLReporter -->
<testsuite hostname="LAPTOP-ELN07JGN" ignored="0" name="Test" tests="11" failures="0" timestamp="2020-12-18T15:55:11 IST" time="65.984" errors="0">
  <testcase name="sampleTest" time="9.331" classname="com.pratian.pas.automation.Usecase.TestUsecase"/>
  <testcase name="checkLoginWithValidCredentials" time="5.664" classname="com.pratian.pas.automation.Usecase.TestUsecase"/>
  <testcase name="checkLoginWithInValidCredentials" time="5.662" classname="com.pratian.pas.automation.Usecase.TestUsecase"/>
  <testcase name="checkcontactus" time="11.173" classname="com.pratian.pas.automation.Usecase.TestUsecase"/>
  <testcase name="checkLogoutLink" time="10.829" classname="com.pratian.pas.automation.Usecase.TestUsecase"/>
  <testcase name="checkAboutus" time="0.273" classname="com.pratian.pas.automation.Usecase.TestUsecase"/>
  <testcase name="checkLoginForPendingOrders" time="2.205" classname="com.pratian.pas.automation.Usecase.TestUsecase"/>
  <testcase name="checkAddFoods" time="5.102" classname="com.pratian.pas.automation.Usecase.TestUsecase"/>
  <testcase name="checkInprogress" time="2.66" classname="com.pratian.pas.automation.Usecase.TestUsecase"/>
  <testcase name="addFoodItem" time="3.45" classname="com.pratian.pas.automation.Usecase.TestUsecase"/>
  <testcase name="checkDeliveredTab" time="2.619" classname="com.pratian.pas.automation.Usecase.TestUsecase"/>
</testsuite> <!-- Test -->
